#
# A fatal error has been detected by the Java Runtime Environment:
#
#  SIGSEGV (0xb) at pc=0x00007fffe4645b57, pid=7014, tid=53767
#
# JRE version: Java(TM) SE Runtime Environment (7.0_71-b14) (build 1.7.0_71-b14)
# Java VM: Java HotSpot(TM) 64-Bit Server VM (24.71-b01 mixed mode bsd-amd64 compressed oops)
# Problematic frame:
# C  [libobjc.A.dylib+0x6b57]  objc_msgSend+0x17
#
# Failed to write core dump. Core dumps have been disabled. To enable core dumping, try "ulimit -c unlimited" before starting Java again
#
# If you would like to submit a bug report, please visit:
#   http://bugreport.sun.com/bugreport/crash.jsp
# The crash happened outside the Java Virtual Machine in native code.
# See problematic frame for where to report the bug.
#

---------------  T H R E A D  ---------------

Current thread (0x00007ffed20e3000):  JavaThread "Java2D Queue Flusher" daemon [_thread_in_native, id=53767, stack(0x0000700009dfb000,0x0000700009efb000)]

siginfo:si_signo=SIGSEGV: si_errno=0, si_code=0 (SEGV0), si_addr=0x0000000000000000

Registers:
RAX=0x00007ffed08f2000, RBX=0x00007ffed20e31e8, RCX=0x00007ffed08f20d0, RDX=0x0000000111296dc8
RSP=0x0000700009efa798, RBP=0x0000700009efa7c0, RSI=0x00007fffce134859, RDI=0x6000000000000000
R8 =0x00007ffed0783e40, R9 =0x00000000000598ca, R10=0x00007ffffffffff8, R11=0x000000010582ae1b
R12=0x00007ffed08f20c8, R13=0x000000077b1e28e8, R14=0x00007ffed052aba0, R15=0x00007ffed05328e0
RIP=0x00007fffe4645b57, EFLAGS=0x0000000000010246, ERR=0x0000000000000000
  TRAPNO=0x000000000000000d

Top of Stack: (sp=0x0000700009efa798)
0x0000700009efa798:   00000001112a0f13 00007ffed052ab80
0x0000700009efa7a8:   0000000000000000 00007ffed2112210
0x0000700009efa7b8:   00007ffed20e3000 0000700009efa840
0x0000700009efa7c8:   00000001112968a6 0000000000000064
0x0000700009efa7d8:   00007ffed20e3000 0000000000000bad
0x0000700009efa7e8:   0000000000000bad 00007ffed20e3000
0x0000700009efa7f8:   000000000000da03 00007ffed0783e00
0x0000700009efa808:   00007ffed2112220 0000700000efa838
0x0000700009efa818:   00007ffed20e31e8 000000077b1e28e8
0x0000700009efa828:   0000000000000000 0000700009efa8f0
0x0000700009efa838:   00007ffed20e3000 0000700009efa8b8
0x0000700009efa848:   0000000106812758 0000700009efa870
0x0000700009efa858:   0000000000000064 00007ffed1044408
0x0000700009efa868:   000000077ae02798 00007ffed20e3000
0x0000700009efa878:   0000700009efa878 0000000000000000
0x0000700009efa888:   0000700009efa8f0 000000077b1e40d0
0x0000700009efa898:   0000000000000000 000000077b1e28e8
0x0000700009efa8a8:   0000000000000000 0000700009efa8d8
0x0000700009efa8b8:   0000700009efa938 0000000106806058
0x0000700009efa8c8:   0000000000000000 000000010680ecd8
0x0000700009efa8d8:   0000000000000020 00007ffed2112200
0x0000700009efa8e8:   00000007d7601b48 00000007d7601b30
0x0000700009efa8f8:   0000700009efa8f8 000000077b1e29cd
0x0000700009efa908:   0000700009efa950 000000077b1e40d0
0x0000700009efa918:   0000000000000000 000000077b1e29f0
0x0000700009efa928:   0000700009efa8d8 0000700009efa950
0x0000700009efa938:   0000700009efa998 0000000106806058
0x0000700009efa948:   0000000000000020 00000007d7601b30
0x0000700009efa958:   0000700009efa958 000000077b1e2b81
0x0000700009efa968:   0000700009efa9a8 000000077b1e40d0
0x0000700009efa978:   0000000000000000 000000077b1e2b90
0x0000700009efa988:   0000700009efa950 0000700009efa9a8 

Instructions: (pc=0x00007fffe4645b57)
0x00007fffe4645b37:   84 00 00 00 00 00 0f 1f 00 48 85 ff 2e 74 62 40
0x00007fffe4645b47:   f6 c7 01 2e 75 66 49 ba f8 ff ff ff ff 7f 00 00
0x00007fffe4645b57:   4c 23 17 49 89 f3 45 23 5a 18 49 c1 e3 04 4d 03
0x00007fffe4645b67:   5a 10 49 3b 33 75 04 41 ff 63 08 49 83 3b 01 76 

Register to memory mapping:

RAX=0x00007ffed08f2000 is an unknown value
RBX=0x00007ffed20e31e8 is an unknown value
RCX=0x00007ffed08f20d0 is an unknown value
RDX=0x0000000111296dc8: Java_sun_java2d_opengl_OGLRenderQueue_flushBuffer+0xb5c in /Library/Java/JavaVirtualMachines/jdk1.7.0_71.jdk/Contents/Home/jre/lib/lwawt/liblwawt.dylib at 0x000000011128f000
RSP=0x0000700009efa798 is pointing into the stack for thread: 0x00007ffed20e3000
RBP=0x0000700009efa7c0 is pointing into the stack for thread: 0x00007ffed20e3000
RSI=0x00007fffce134859: __NSStyleNameIndexTable+0x785ca in /System/Library/Frameworks/AppKit.framework/Versions/C/AppKit at 0x00007fffcd4d4000
RDI=0x6000000000000000 is an unknown value
R8 =0x00007ffed0783e40 is an unknown value
R9 =0x00000000000598ca is an unknown value
R10=0x00007ffffffffff8 is an unknown value
R11=0x000000010582ae1b: throw_unsatisfied_link_error+0 in /Library/Java/JavaVirtualMachines/jdk1.7.0_71.jdk/Contents/Home/jre/lib/server/libjvm.dylib at 0x00000001053b5000
R12=0x00007ffed08f20c8 is an unknown value
R13=0x000000077b1e28e8 is an oop
{method} 
 - klass: {other class}
R14=0x00007ffed052aba0 is an unknown value
R15=0x00007ffed05328e0 is an unknown value


Stack: [0x0000700009dfb000,0x0000700009efb000],  sp=0x0000700009efa798,  free space=1021k
Native frames: (J=compiled Java code, j=interpreted, Vv=VM code, C=native code)
C  [libobjc.A.dylib+0x6b57]  objc_msgSend+0x17
C  [liblwawt.dylib+0x78a6]  Java_sun_java2d_opengl_OGLRenderQueue_flushBuffer+0x63a
j  sun.java2d.opengl.OGLRenderQueue.flushBuffer(JI)V+0
j  sun.java2d.opengl.OGLRenderQueue.flushBuffer()V+21
j  sun.java2d.opengl.OGLRenderQueue.access$100(Lsun/java2d/opengl/OGLRenderQueue;)V+1
j  sun.java2d.opengl.OGLRenderQueue$QueueFlusher.run()V+81
v  ~StubRoutines::call_stub
V  [libjvm.dylib+0x2db378]  JavaCalls::call_helper(JavaValue*, methodHandle*, JavaCallArguments*, Thread*)+0x22a
V  [libjvm.dylib+0x2db88f]  JavaCalls::call_virtual(JavaValue*, KlassHandle, Symbol*, Symbol*, JavaCallArguments*, Thread*)+0x11b
V  [libjvm.dylib+0x2db9cc]  JavaCalls::call_virtual(JavaValue*, Handle, KlassHandle, Symbol*, Symbol*, Thread*)+0x4a
V  [libjvm.dylib+0x32a89e]  thread_entry(JavaThread*, Thread*)+0xad
V  [libjvm.dylib+0x4f5f69]  JavaThread::thread_main_inner()+0x9b
V  [libjvm.dylib+0x4f7671]  JavaThread::run()+0x1a3
V  [libjvm.dylib+0x420e02]  java_start(Thread*)+0x126
C  [libsystem_pthread.dylib+0x3aab]  _pthread_body+0xb4
C  [libsystem_pthread.dylib+0x39f7]  _pthread_body+0x0
C  [libsystem_pthread.dylib+0x31fd]  thread_start+0xd

Java frames: (J=compiled Java code, j=interpreted, Vv=VM code)
j  sun.java2d.opengl.OGLRenderQueue.flushBuffer(JI)V+0
j  sun.java2d.opengl.OGLRenderQueue.flushBuffer()V+21
j  sun.java2d.opengl.OGLRenderQueue.access$100(Lsun/java2d/opengl/OGLRenderQueue;)V+1
j  sun.java2d.opengl.OGLRenderQueue$QueueFlusher.run()V+81
v  ~StubRoutines::call_stub

---------------  P R O C E S S  ---------------

Java Threads: ( => current thread )
  0x00007ffed0904800 JavaThread "DestroyJavaVM" [_thread_blocked, id=7171, stack(0x0000700008ecb000,0x0000700008fcb000)]
  0x00007ffed19d0800 JavaThread "AWT-EventQueue-0" [_thread_blocked, id=62227, stack(0x000070000a084000,0x000070000a184000)]
  0x00007ffed1021000 JavaThread "Java2D Disposer" daemon [_thread_blocked, id=55811, stack(0x0000700009efe000,0x0000700009ffe000)]
=>0x00007ffed20e3000 JavaThread "Java2D Queue Flusher" daemon [_thread_in_native, id=53767, stack(0x0000700009dfb000,0x0000700009efb000)]
  0x00007ffed208a000 JavaThread "AWT-Shutdown" [_thread_blocked, id=29215, stack(0x0000700009c75000,0x0000700009d75000)]
  0x00007ffed18e6800 JavaThread "AppKit Thread" daemon [_thread_blocked, id=775, stack(0x00007fff5a0c7000,0x00007fff5a8c7000)]
  0x00007ffed1000800 JavaThread "Service Thread" daemon [_thread_blocked, id=18179, stack(0x00007000099ec000,0x0000700009aec000)]
  0x00007ffed202c000 JavaThread "C2 CompilerThread1" daemon [_thread_blocked, id=17667, stack(0x00007000098e9000,0x00007000099e9000)]
  0x00007ffed202a800 JavaThread "C2 CompilerThread0" daemon [_thread_blocked, id=17155, stack(0x00007000097e6000,0x00007000098e6000)]
  0x00007ffed2022800 JavaThread "Signal Dispatcher" daemon [_thread_blocked, id=16643, stack(0x00007000096e3000,0x00007000097e3000)]
  0x00007ffed2018000 JavaThread "Finalizer" daemon [_thread_blocked, id=12547, stack(0x00007000095e0000,0x00007000096e0000)]
  0x00007ffed2017000 JavaThread "Reference Handler" daemon [_thread_blocked, id=12035, stack(0x00007000094dd000,0x00007000095dd000)]

Other Threads:
  0x00007ffed2014800 VMThread [stack: 0x00007000093da000,0x00007000094da000] [id=11523]
  0x00007ffed1828000 WatcherThread [stack: 0x0000700009aef000,0x0000700009bef000] [id=18691]

VM state:not at safepoint (normal execution)

VM Mutex/Monitor currently owned by a thread: None

Heap
 PSYoungGen      total 38912K, used 12834K [0x00000007d5500000, 0x00000007d8000000, 0x0000000800000000)
  eden space 33792K, 25% used [0x00000007d5500000,0x00000007d5d8cc68,0x00000007d7600000)
  from space 5120K, 79% used [0x00000007d7600000,0x00000007d79fbe90,0x00000007d7b00000)
  to   space 5120K, 0% used [0x00000007d7b00000,0x00000007d7b00000,0x00000007d8000000)
 ParOldGen       total 87040K, used 6367K [0x0000000780000000, 0x0000000785500000, 0x00000007d5500000)
  object space 87040K, 7% used [0x0000000780000000,0x0000000780637ce0,0x0000000785500000)
 PSPermGen       total 21504K, used 7629K [0x000000077ae00000, 0x000000077c300000, 0x0000000780000000)
  object space 21504K, 35% used [0x000000077ae00000,0x000000077b5735d8,0x000000077c300000)

Card table byte_map: [0x0000000109800000,0x0000000109c2a000] byte_map_base: 0x0000000105c29000

Polling page: 0x0000000105e52000

Code Cache  [0x0000000106800000, 0x0000000106a70000, 0x0000000109800000)
 total_blobs=400 nmethods=12 adapters=343 free_code_cache=48632Kb largest_free_block=49777408

Compilation events (10 events):
Event: 0.739 Thread 0x00007ffed202c000    6             sun.java2d.loops.ProcessPath::FillPolygon (676 bytes)
Event: 0.743 Thread 0x00007ffed202a800    8             sun.java2d.pipe.RenderBuffer::putInt (26 bytes)
Event: 0.745 Thread 0x00007ffed202a800 nmethod 8 0x000000010687d490 code [0x000000010687d5c0, 0x000000010687d658]
Event: 0.749 Thread 0x00007ffed202a800    9             java.lang.Object::<init> (1 bytes)
Event: 0.750 Thread 0x00007ffed202a800 nmethod 9 0x000000010687d250 code [0x000000010687d380, 0x000000010687d418]
Event: 0.838 Thread 0x00007ffed202c000 nmethod 6 0x0000000106883510 code [0x00000001068837c0, 0x00000001068858f0]
Event: 433.220 Thread 0x00007ffed202a800   11             java.util.concurrent.locks.AbstractOwnableSynchronizer::setExclusiveOwnerThread (6 bytes)
Event: 433.221 Thread 0x00007ffed202a800 nmethod 11 0x0000000106881b90 code [0x0000000106881cc0, 0x0000000106881d38]
Event: 452.141 Thread 0x00007ffed202c000   12             java.util.concurrent.locks.AbstractQueuedSynchronizer::getState (5 bytes)
Event: 452.141 Thread 0x00007ffed202c000 nmethod 12 0x0000000106881990 code [0x0000000106881ac0, 0x0000000106881b18]

GC Heap History (2 events):
Event: 505.950 GC heap before
{Heap before GC invocations=1 (full 0):
 PSYoungGen      total 38912K, used 30895K [0x00000007d5500000, 0x00000007d8000000, 0x0000000800000000)
  eden space 33792K, 91% used [0x00000007d5500000,0x00000007d732bfc8,0x00000007d7600000)
  from space 5120K, 0% used [0x00000007d7b00000,0x00000007d7b00000,0x00000007d8000000)
  to   space 5120K, 0% used [0x00000007d7600000,0x00000007d7600000,0x00000007d7b00000)
 ParOldGen       total 87040K, used 0K [0x0000000780000000, 0x0000000785500000, 0x00000007d5500000)
  object space 87040K, 0% used [0x0000000780000000,0x0000000780000000,0x0000000785500000)
 PSPermGen       total 21504K, used 7626K [0x000000077ae00000, 0x000000077c300000, 0x0000000780000000)
  object space 21504K, 35% used [0x000000077ae00000,0x000000077b572a38,0x000000077c300000)
Event: 506.220 GC heap after
Heap after GC invocations=1 (full 0):
 PSYoungGen      total 38912K, used 4079K [0x00000007d5500000, 0x00000007d8000000, 0x0000000800000000)
  eden space 33792K, 0% used [0x00000007d5500000,0x00000007d5500000,0x00000007d7600000)
  from space 5120K, 79% used [0x00000007d7600000,0x00000007d79fbe90,0x00000007d7b00000)
  to   space 5120K, 0% used [0x00000007d7b00000,0x00000007d7b00000,0x00000007d8000000)
 ParOldGen       total 87040K, used 6367K [0x0000000780000000, 0x0000000785500000, 0x00000007d5500000)
  object space 87040K, 7% used [0x0000000780000000,0x0000000780637ce0,0x0000000785500000)
 PSPermGen       total 21504K, used 7626K [0x000000077ae00000, 0x000000077c300000, 0x0000000780000000)
  object space 21504K, 35% used [0x000000077ae00000,0x000000077b572a38,0x000000077c300000)
}

Deoptimization events (0 events):
No events

Internal exceptions (10 events):
Event: 0.511 Thread 0x00007ffed1803800 Threw 0x00000007d559d210 at /HUDSON/workspace/7u-2-build-macosx-x86_64/jdk7u71/1605/hotspot/src/share/vm/prims/jvm.cpp:1281
Event: 0.562 Thread 0x00007ffed1803800 Threw 0x00000007d57c3c30 at /HUDSON/workspace/7u-2-build-macosx-x86_64/jdk7u71/1605/hotspot/src/share/vm/prims/jvm.cpp:1281
Event: 0.562 Thread 0x00007ffed1803800 Threw 0x00000007d57c4e78 at /HUDSON/workspace/7u-2-build-macosx-x86_64/jdk7u71/1605/hotspot/src/share/vm/prims/jvm.cpp:1281
Event: 0.563 Thread 0x00007ffed1803800 Threw 0x00000007d57c6a98 at /HUDSON/workspace/7u-2-build-macosx-x86_64/jdk7u71/1605/hotspot/src/share/vm/prims/jvm.cpp:1281
Event: 0.563 Thread 0x00007ffed1803800 Threw 0x00000007d57c7c08 at /HUDSON/workspace/7u-2-build-macosx-x86_64/jdk7u71/1605/hotspot/src/share/vm/prims/jvm.cpp:1281
Event: 0.565 Thread 0x00007ffed1803800 Threw 0x00000007d57d1528 at /HUDSON/workspace/7u-2-build-macosx-x86_64/jdk7u71/1605/hotspot/src/share/vm/prims/jvm.cpp:1281
Event: 0.566 Thread 0x00007ffed1803800 Threw 0x00000007d57d2708 at /HUDSON/workspace/7u-2-build-macosx-x86_64/jdk7u71/1605/hotspot/src/share/vm/prims/jvm.cpp:1281
Event: 0.579 Thread 0x00007ffed1803800 Threw 0x00000007d57e1fe0 at /HUDSON/workspace/7u-2-build-macosx-x86_64/jdk7u71/1605/hotspot/src/share/vm/prims/jvm.cpp:1281
Event: 0.579 Thread 0x00007ffed1803800 Threw 0x00000007d57e3210 at /HUDSON/workspace/7u-2-build-macosx-x86_64/jdk7u71/1605/hotspot/src/share/vm/prims/jvm.cpp:1281
Event: 0.785 Thread 0x00007ffed1803800 Threw 0x00000007d5808668 at /HUDSON/workspace/7u-2-build-macosx-x86_64/jdk7u71/1605/hotspot/src/share/vm/prims/jvm.cpp:1281

Events (10 events):
Event: 420.733 loading class 0x00007ffed18abf70
Event: 420.733 loading class 0x00007ffed18abf70 done
Event: 420.734 loading class 0x00007ffed18ac040
Event: 420.734 loading class 0x00007ffed18ac040 done
Event: 420.734 loading class 0x00007ffed0876cc0
Event: 420.734 loading class 0x00007ffed0876cc0 done
Event: 505.950 Executing VM operation: ParallelGCFailedAllocation
Event: 506.220 Executing VM operation: ParallelGCFailedAllocation done
Event: 506.228 loading class 0x0000000105fc9c90
Event: 506.229 loading class 0x0000000105fc9c90 done


Dynamic libraries:
0x000000005a638000 	/System/Library/Frameworks/Cocoa.framework/Versions/A/Cocoa
0x000000005a638000 	/System/Library/Frameworks/Security.framework/Versions/A/Security
0x000000005a638000 	/System/Library/Frameworks/ApplicationServices.framework/Versions/A/ApplicationServices
0x000000005a638000 	/usr/lib/libz.1.dylib
0x000000005a638000 	/usr/lib/libSystem.B.dylib
0x000000005a638000 	/usr/lib/libobjc.A.dylib
0x000000005a638000 	/System/Library/Frameworks/CoreFoundation.framework/Versions/A/CoreFoundation
0x000000005a638000 	/System/Library/Frameworks/Foundation.framework/Versions/C/Foundation
0x000000005a638000 	/System/Library/Frameworks/AppKit.framework/Versions/C/AppKit
0x000000005a638000 	/System/Library/Frameworks/CoreData.framework/Versions/A/CoreData
0x000000005a638000 	/System/Library/PrivateFrameworks/RemoteViewServices.framework/Versions/A/RemoteViewServices
0x000000005a638000 	/System/Library/PrivateFrameworks/UIFoundation.framework/Versions/A/UIFoundation
0x000000005a638000 	/System/Library/PrivateFrameworks/DFRFoundation.framework/Versions/A/DFRFoundation
0x000000005a638000 	/usr/lib/libenergytrace.dylib
0x000000005a638000 	/System/Library/PrivateFrameworks/SkyLight.framework/Versions/A/SkyLight
0x000000005a638000 	/System/Library/Frameworks/CoreGraphics.framework/Versions/A/CoreGraphics
0x000000005a638000 	/usr/lib/libScreenReader.dylib
0x000000005a638000 	/System/Library/Frameworks/Accelerate.framework/Versions/A/Accelerate
0x000000005a638000 	/System/Library/Frameworks/IOSurface.framework/Versions/A/IOSurface
0x000000005a638000 	/System/Library/Frameworks/AudioToolbox.framework/Versions/A/AudioToolbox
0x000000005a638000 	/System/Library/Frameworks/AudioUnit.framework/Versions/A/AudioUnit
0x000000005a638000 	/System/Library/PrivateFrameworks/DataDetectorsCore.framework/Versions/A/DataDetectorsCore
0x000000005a638000 	/System/Library/PrivateFrameworks/DesktopServicesPriv.framework/Versions/A/DesktopServicesPriv
0x000000005a638000 	/System/Library/Frameworks/Carbon.framework/Versions/A/Frameworks/HIToolbox.framework/Versions/A/HIToolbox
0x000000005a638000 	/usr/lib/libicucore.A.dylib
0x000000005a638000 	/System/Library/Frameworks/QuartzCore.framework/Versions/A/QuartzCore
0x000000005a638000 	/System/Library/Frameworks/Carbon.framework/Versions/A/Frameworks/SpeechRecognition.framework/Versions/A/SpeechRecognition
0x000000005a638000 	/usr/lib/libauto.dylib
0x000000005a638000 	/usr/lib/libxml2.2.dylib
0x000000005a638000 	/System/Library/PrivateFrameworks/CoreUI.framework/Versions/A/CoreUI
0x000000005a638000 	/System/Library/Frameworks/CoreAudio.framework/Versions/A/CoreAudio
0x000000005a638000 	/System/Library/Frameworks/DiskArbitration.framework/Versions/A/DiskArbitration
0x000000005a638000 	/usr/lib/liblangid.dylib
0x000000005a638000 	/System/Library/PrivateFrameworks/MultitouchSupport.framework/Versions/A/MultitouchSupport
0x000000005a638000 	/System/Library/Frameworks/IOKit.framework/Versions/A/IOKit
0x000000005a638000 	/usr/lib/libDiagnosticMessagesClient.dylib
0x000000005a638000 	/System/Library/Frameworks/CoreServices.framework/Versions/A/CoreServices
0x000000005a638000 	/System/Library/PrivateFrameworks/PerformanceAnalysis.framework/Versions/A/PerformanceAnalysis
0x000000005a638000 	/System/Library/PrivateFrameworks/GenerationalStorage.framework/Versions/A/GenerationalStorage
0x000000005a638000 	/System/Library/Frameworks/OpenGL.framework/Versions/A/OpenGL
0x000000005a638000 	/System/Library/Frameworks/CoreImage.framework/Versions/A/CoreImage
0x000000005a638000 	/System/Library/Frameworks/CoreText.framework/Versions/A/CoreText
0x000000005a638000 	/System/Library/Frameworks/ImageIO.framework/Versions/A/ImageIO
0x000000005a638000 	/System/Library/PrivateFrameworks/Backup.framework/Versions/A/Backup
0x000000005a638000 	/usr/lib/libarchive.2.dylib
0x000000005a638000 	/System/Library/Frameworks/CFNetwork.framework/Versions/A/CFNetwork
0x000000005a638000 	/System/Library/Frameworks/SystemConfiguration.framework/Versions/A/SystemConfiguration
0x000000005a638000 	/usr/lib/libCRFSuite.dylib
0x000000005a638000 	/usr/lib/libc++.1.dylib
0x000000005a638000 	/usr/lib/libc++abi.dylib
0x000000005a638000 	/usr/lib/system/libcache.dylib
0x000000005a638000 	/usr/lib/system/libcommonCrypto.dylib
0x000000005a638000 	/usr/lib/system/libcompiler_rt.dylib
0x000000005a638000 	/usr/lib/system/libcopyfile.dylib
0x000000005a638000 	/usr/lib/system/libcorecrypto.dylib
0x000000005a638000 	/usr/lib/system/libdispatch.dylib
0x000000005a638000 	/usr/lib/system/libdyld.dylib
0x000000005a638000 	/usr/lib/system/libkeymgr.dylib
0x000000005a638000 	/usr/lib/system/liblaunch.dylib
0x000000005a638000 	/usr/lib/system/libmacho.dylib
0x000000005a638000 	/usr/lib/system/libquarantine.dylib
0x000000005a638000 	/usr/lib/system/libremovefile.dylib
0x000000005a638000 	/usr/lib/system/libsystem_asl.dylib
0x000000005a638000 	/usr/lib/system/libsystem_blocks.dylib
0x000000005a638000 	/usr/lib/system/libsystem_c.dylib
0x000000005a638000 	/usr/lib/system/libsystem_configuration.dylib
0x000000005a638000 	/usr/lib/system/libsystem_coreservices.dylib
0x000000005a638000 	/usr/lib/system/libsystem_coretls.dylib
0x000000005a638000 	/usr/lib/system/libsystem_dnssd.dylib
0x000000005a638000 	/usr/lib/system/libsystem_info.dylib
0x000000005a638000 	/usr/lib/system/libsystem_kernel.dylib
0x000000005a638000 	/usr/lib/system/libsystem_m.dylib
0x000000005a638000 	/usr/lib/system/libsystem_malloc.dylib
0x000000005a638000 	/usr/lib/system/libsystem_network.dylib
0x000000005a638000 	/usr/lib/system/libsystem_networkextension.dylib
0x000000005a638000 	/usr/lib/system/libsystem_notify.dylib
0x000000005a638000 	/usr/lib/system/libsystem_platform.dylib
0x000000005a638000 	/usr/lib/system/libsystem_pthread.dylib
0x000000005a638000 	/usr/lib/system/libsystem_sandbox.dylib
0x000000005a638000 	/usr/lib/system/libsystem_secinit.dylib
0x000000005a638000 	/usr/lib/system/libsystem_symptoms.dylib
0x000000005a638000 	/usr/lib/system/libsystem_trace.dylib
0x000000005a638000 	/usr/lib/system/libunwind.dylib
0x000000005a638000 	/usr/lib/system/libxpc.dylib
0x000000005a638000 	/usr/lib/libbsm.0.dylib
0x000000005a638000 	/usr/lib/system/libkxld.dylib
0x000000005a638000 	/usr/lib/libcoretls.dylib
0x000000005a638000 	/usr/lib/libcoretls_cfhelpers.dylib
0x000000005a638000 	/usr/lib/libxar.1.dylib
0x000000005a638000 	/usr/lib/libsqlite3.dylib
0x000000005a638000 	/usr/lib/libpam.2.dylib
0x000000005a638000 	/usr/lib/libOpenScriptingUtil.dylib
0x000000005a638000 	/usr/lib/libbz2.1.0.dylib
0x000000005a638000 	/usr/lib/liblzma.5.dylib
0x000000005a638000 	/usr/lib/libnetwork.dylib
0x000000005a638000 	/usr/lib/libpcap.A.dylib
0x000000005a638000 	/System/Library/Frameworks/CoreServices.framework/Versions/A/Frameworks/FSEvents.framework/Versions/A/FSEvents
0x000000005a638000 	/System/Library/Frameworks/CoreServices.framework/Versions/A/Frameworks/CarbonCore.framework/Versions/A/CarbonCore
0x000000005a638000 	/System/Library/Frameworks/CoreServices.framework/Versions/A/Frameworks/Metadata.framework/Versions/A/Metadata
0x000000005a638000 	/System/Library/Frameworks/CoreServices.framework/Versions/A/Frameworks/OSServices.framework/Versions/A/OSServices
0x000000005a638000 	/System/Library/Frameworks/CoreServices.framework/Versions/A/Frameworks/SearchKit.framework/Versions/A/SearchKit
0x000000005a638000 	/System/Library/Frameworks/CoreServices.framework/Versions/A/Frameworks/AE.framework/Versions/A/AE
0x000000005a638000 	/System/Library/Frameworks/CoreServices.framework/Versions/A/Frameworks/LaunchServices.framework/Versions/A/LaunchServices
0x000000005a638000 	/System/Library/Frameworks/CoreServices.framework/Versions/A/Frameworks/DictionaryServices.framework/Versions/A/DictionaryServices
0x000000005a638000 	/System/Library/Frameworks/CoreServices.framework/Versions/A/Frameworks/SharedFileList.framework/Versions/A/SharedFileList
0x000000005a638000 	/System/Library/Frameworks/NetFS.framework/Versions/A/NetFS
0x000000005a638000 	/System/Library/PrivateFrameworks/NetAuth.framework/Versions/A/NetAuth
0x000000005a638000 	/System/Library/PrivateFrameworks/login.framework/Versions/A/Frameworks/loginsupport.framework/Versions/A/loginsupport
0x000000005a638000 	/System/Library/PrivateFrameworks/TCC.framework/Versions/A/TCC
0x000000005a638000 	/usr/lib/libmecabra.dylib
0x000000005a638000 	/System/Library/Frameworks/ApplicationServices.framework/Versions/A/Frameworks/ATS.framework/Versions/A/ATS
0x000000005a638000 	/System/Library/Frameworks/ApplicationServices.framework/Versions/A/Frameworks/ColorSync.framework/Versions/A/ColorSync
0x000000005a638000 	/System/Library/Frameworks/ApplicationServices.framework/Versions/A/Frameworks/HIServices.framework/Versions/A/HIServices
0x000000005a638000 	/System/Library/Frameworks/ApplicationServices.framework/Versions/A/Frameworks/LangAnalysis.framework/Versions/A/LangAnalysis
0x000000005a638000 	/System/Library/Frameworks/ApplicationServices.framework/Versions/A/Frameworks/PrintCore.framework/Versions/A/PrintCore
0x000000005a638000 	/System/Library/Frameworks/ApplicationServices.framework/Versions/A/Frameworks/QD.framework/Versions/A/QD
0x000000005a638000 	/System/Library/Frameworks/ApplicationServices.framework/Versions/A/Frameworks/SpeechSynthesis.framework/Versions/A/SpeechSynthesis
0x000000005a638000 	/System/Library/Frameworks/Accelerate.framework/Versions/A/Frameworks/vImage.framework/Versions/A/vImage
0x000000005a638000 	/System/Library/Frameworks/Accelerate.framework/Versions/A/Frameworks/vecLib.framework/Versions/A/vecLib
0x000000005a638000 	/System/Library/Frameworks/Accelerate.framework/Versions/A/Frameworks/vecLib.framework/Versions/A/libvDSP.dylib
0x000000005a638000 	/System/Library/Frameworks/Accelerate.framework/Versions/A/Frameworks/vecLib.framework/Versions/A/libBNNS.dylib
0x000000005a638000 	/System/Library/Frameworks/Accelerate.framework/Versions/A/Frameworks/vecLib.framework/Versions/A/libQuadrature.dylib
0x000000005a638000 	/System/Library/Frameworks/Accelerate.framework/Versions/A/Frameworks/vecLib.framework/Versions/A/libvMisc.dylib
0x000000005a638000 	/System/Library/Frameworks/Accelerate.framework/Versions/A/Frameworks/vecLib.framework/Versions/A/libLAPACK.dylib
0x000000005a638000 	/System/Library/Frameworks/Accelerate.framework/Versions/A/Frameworks/vecLib.framework/Versions/A/libBLAS.dylib
0x000000005a638000 	/System/Library/Frameworks/Accelerate.framework/Versions/A/Frameworks/vecLib.framework/Versions/A/libLinearAlgebra.dylib
0x000000005a638000 	/System/Library/Frameworks/Accelerate.framework/Versions/A/Frameworks/vecLib.framework/Versions/A/libSparseBLAS.dylib
0x000000005a638000 	/System/Library/Frameworks/ApplicationServices.framework/Versions/A/Frameworks/ATS.framework/Versions/A/Resources/libFontParser.dylib
0x000000005a638000 	/System/Library/Frameworks/ApplicationServices.framework/Versions/A/Frameworks/ATS.framework/Versions/A/Resources/libFontRegistry.dylib
0x000000005a638000 	/System/Library/Frameworks/ImageIO.framework/Versions/A/Resources/libJPEG.dylib
0x000000005a638000 	/System/Library/Frameworks/ImageIO.framework/Versions/A/Resources/libTIFF.dylib
0x000000005a638000 	/System/Library/Frameworks/ImageIO.framework/Versions/A/Resources/libPng.dylib
0x000000005a638000 	/System/Library/Frameworks/ImageIO.framework/Versions/A/Resources/libGIF.dylib
0x000000005a638000 	/System/Library/Frameworks/ImageIO.framework/Versions/A/Resources/libJP2.dylib
0x000000005a638000 	/System/Library/Frameworks/ImageIO.framework/Versions/A/Resources/libRadiance.dylib
0x000000005a638000 	/usr/lib/libcompression.dylib
0x000000005a638000 	/System/Library/PrivateFrameworks/AppleJPEG.framework/Versions/A/AppleJPEG
0x000000005a638000 	/usr/lib/libcups.2.dylib
0x000000005a638000 	/System/Library/Frameworks/Kerberos.framework/Versions/A/Kerberos
0x000000005a638000 	/System/Library/Frameworks/GSS.framework/Versions/A/GSS
0x000000005a638000 	/usr/lib/libresolv.9.dylib
0x000000005a638000 	/usr/lib/libiconv.2.dylib
0x000000005a638000 	/System/Library/PrivateFrameworks/Heimdal.framework/Versions/A/Heimdal
0x000000005a638000 	/usr/lib/libheimdal-asn1.dylib
0x000000005a638000 	/System/Library/Frameworks/OpenDirectory.framework/Versions/A/OpenDirectory
0x000000005a638000 	/System/Library/PrivateFrameworks/CommonAuth.framework/Versions/A/CommonAuth
0x000000005a638000 	/System/Library/Frameworks/OpenDirectory.framework/Versions/A/Frameworks/CFOpenDirectory.framework/Versions/A/CFOpenDirectory
0x000000005a638000 	/System/Library/Frameworks/SecurityFoundation.framework/Versions/A/SecurityFoundation
0x000000005a638000 	/System/Library/PrivateFrameworks/LanguageModeling.framework/Versions/A/LanguageModeling
0x000000005a638000 	/usr/lib/libmarisa.dylib
0x000000005a638000 	/usr/lib/libChineseTokenizer.dylib
0x000000005a638000 	/usr/lib/libcmph.dylib
0x000000005a638000 	/System/Library/PrivateFrameworks/CoreEmoji.framework/Versions/A/CoreEmoji
0x000000005a638000 	/System/Library/Frameworks/ServiceManagement.framework/Versions/A/ServiceManagement
0x000000005a638000 	/usr/lib/libxslt.1.dylib
0x000000005a638000 	/System/Library/Frameworks/Carbon.framework/Versions/A/Frameworks/Ink.framework/Versions/A/Ink
0x000000005a638000 	/System/Library/PrivateFrameworks/TextureIO.framework/Versions/A/TextureIO
0x000000005a638000 	/System/Library/Frameworks/Metal.framework/Versions/A/Metal
0x000000005a638000 	/usr/lib/libate.dylib
0x000000005a638000 	/System/Library/PrivateFrameworks/GPUCompiler.framework/libmetal_timestamp.dylib
0x000000005a638000 	/System/Library/Frameworks/OpenGL.framework/Versions/A/Libraries/libCoreFSCache.dylib
0x000000005a638000 	/System/Library/PrivateFrameworks/IOAccelerator.framework/Versions/A/IOAccelerator
0x000000005a638000 	/System/Library/Frameworks/CoreVideo.framework/Versions/A/CoreVideo
0x000000005a638000 	/usr/lib/libFosl_dynamic.dylib
0x000000005a638000 	/System/Library/PrivateFrameworks/MetalPerformanceShaders.framework/Versions/A/MetalPerformanceShaders
0x000000005a638000 	/System/Library/PrivateFrameworks/FaceCore.framework/Versions/A/FaceCore
0x000000005a638000 	/System/Library/Frameworks/OpenCL.framework/Versions/A/OpenCL
0x000000005a638000 	/System/Library/Frameworks/OpenGL.framework/Versions/A/Libraries/libGLU.dylib
0x000000005a638000 	/System/Library/Frameworks/OpenGL.framework/Versions/A/Libraries/libGFXShared.dylib
0x000000005a638000 	/System/Library/Frameworks/OpenGL.framework/Versions/A/Libraries/libGL.dylib
0x000000005a638000 	/System/Library/Frameworks/OpenGL.framework/Versions/A/Libraries/libGLImage.dylib
0x000000005a638000 	/System/Library/Frameworks/OpenGL.framework/Versions/A/Libraries/libCVMSPluginSupport.dylib
0x000000005a638000 	/System/Library/Frameworks/OpenGL.framework/Versions/A/Libraries/libCoreVMClient.dylib
0x000000005a638000 	/System/Library/PrivateFrameworks/CrashReporterSupport.framework/Versions/A/CrashReporterSupport
0x000000005a638000 	/System/Library/PrivateFrameworks/Sharing.framework/Versions/A/Sharing
0x000000005a638000 	/System/Library/PrivateFrameworks/IconServices.framework/Versions/A/IconServices
0x000000005a638000 	/System/Library/PrivateFrameworks/ProtocolBuffer.framework/Versions/A/ProtocolBuffer
0x000000005a638000 	/System/Library/PrivateFrameworks/Apple80211.framework/Versions/A/Apple80211
0x000000005a638000 	/System/Library/Frameworks/CoreWLAN.framework/Versions/A/CoreWLAN
0x000000005a638000 	/System/Library/PrivateFrameworks/CoreUtils.framework/Versions/A/CoreUtils
0x000000005a638000 	/System/Library/Frameworks/IOBluetooth.framework/Versions/A/IOBluetooth
0x000000005a638000 	/System/Library/PrivateFrameworks/CoreWiFi.framework/Versions/A/CoreWiFi
0x000000005a638000 	/System/Library/Frameworks/CoreBluetooth.framework/Versions/A/CoreBluetooth
0x000000005a638000 	/System/Library/Frameworks/CoreDisplay.framework/Versions/A/CoreDisplay
0x000000005a638000 	/System/Library/PrivateFrameworks/IOPresentment.framework/Versions/A/IOPresentment
0x000000005a638000 	/System/Library/PrivateFrameworks/DebugSymbols.framework/Versions/A/DebugSymbols
0x000000005a638000 	/System/Library/PrivateFrameworks/CoreSymbolication.framework/Versions/A/CoreSymbolication
0x000000005a638000 	/System/Library/PrivateFrameworks/Symbolication.framework/Versions/A/Symbolication
0x000000005a638000 	/System/Library/PrivateFrameworks/AppleFSCompression.framework/Versions/A/AppleFSCompression
0x000000005a638000 	/System/Library/PrivateFrameworks/SpeechRecognitionCore.framework/Versions/A/SpeechRecognitionCore
0x000000005a638000 	/System/Library/PrivateFrameworks/ChunkingLibrary.framework/Versions/A/ChunkingLibrary
0x00000001053b5000 	/Library/Java/JavaVirtualMachines/jdk1.7.0_71.jdk/Contents/Home/jre/lib/server/libjvm.dylib
0x000000005a638000 	/usr/lib/libstdc++.6.dylib
0x0000000105e15000 	/Library/Java/JavaVirtualMachines/jdk1.7.0_71.jdk/Contents/Home/jre/lib/libverify.dylib
0x0000000105e22000 	/Library/Java/JavaVirtualMachines/jdk1.7.0_71.jdk/Contents/Home/jre/lib/libjava.dylib
0x0000000105e5c000 	/Library/Java/JavaVirtualMachines/jdk1.7.0_71.jdk/Contents/Home/jre/lib/libzip.dylib
0x000000010f7c3000 	/System/Library/Frameworks/JavaVM.framework/Frameworks/JavaRuntimeSupport.framework/JavaRuntimeSupport
0x000000010f7dd000 	/System/Library/Frameworks/JavaVM.framework/Versions/A/Frameworks/JavaNativeFoundation.framework/Versions/A/JavaNativeFoundation
0x000000010f7f2000 	/System/Library/Frameworks/JavaVM.framework/Versions/A/JavaVM
0x000000005a638000 	/System/Library/Frameworks/Carbon.framework/Versions/A/Carbon
0x000000010f7ff000 	/System/Library/PrivateFrameworks/JavaLaunching.framework/Versions/A/JavaLaunching
0x000000005a638000 	/System/Library/Frameworks/Carbon.framework/Versions/A/Frameworks/CommonPanels.framework/Versions/A/CommonPanels
0x000000005a638000 	/System/Library/Frameworks/Carbon.framework/Versions/A/Frameworks/Help.framework/Versions/A/Help
0x000000005a638000 	/System/Library/Frameworks/Carbon.framework/Versions/A/Frameworks/ImageCapture.framework/Versions/A/ImageCapture
0x000000005a638000 	/System/Library/Frameworks/Carbon.framework/Versions/A/Frameworks/OpenScripting.framework/Versions/A/OpenScripting
0x000000005a638000 	/System/Library/Frameworks/Carbon.framework/Versions/A/Frameworks/Print.framework/Versions/A/Print
0x000000005a638000 	/System/Library/Frameworks/Carbon.framework/Versions/A/Frameworks/SecurityHI.framework/Versions/A/SecurityHI
0x0000000111114000 	/Library/Java/JavaVirtualMachines/jdk1.7.0_71.jdk/Contents/Home/jre/lib/libawt.dylib
0x00000001111c3000 	/Library/Java/JavaVirtualMachines/jdk1.7.0_71.jdk/Contents/Home/jre/lib/./libmlib_image.dylib
0x000000011128f000 	/Library/Java/JavaVirtualMachines/jdk1.7.0_71.jdk/Contents/Home/jre/lib/lwawt/liblwawt.dylib
0x0000000111343000 	/Library/Java/JavaVirtualMachines/jdk1.7.0_71.jdk/Contents/Home/jre/lib/libosxapp.dylib
0x000000005a638000 	/System/Library/Frameworks/ExceptionHandling.framework/Versions/A/ExceptionHandling
0x000000005a638000 	/System/Library/PrivateFrameworks/CoreServicesInternal.framework/Versions/A/CoreServicesInternal
0x000000005a638000 	/System/Library/CoreServices/RawCamera.bundle/Contents/MacOS/RawCamera
0x000000005a638000 	/System/Library/Frameworks/Accelerate.framework/Versions/A/Frameworks/vImage.framework/Versions/A/Libraries/libCGInterfaces.dylib
0x000000005a638000 	/System/Library/Frameworks/ApplicationServices.framework/Versions/A/Frameworks/ATS.framework/Versions/A/Resources/libTrueTypeScaler.dylib
0x000000005a638000 	/System/Library/Frameworks/OpenGL.framework/Versions/A/Resources/GLEngine.bundle/GLEngine
0x000000005a638000 	/System/Library/Frameworks/OpenGL.framework/Versions/A/Libraries/libGLProgrammability.dylib
0x0000000112daa000 	/System/Library/Extensions/AppleIntelBDWGraphicsGLDriver.bundle/Contents/MacOS/AppleIntelBDWGraphicsGLDriver
0x000000005a638000 	/System/Library/PrivateFrameworks/GPUSupport.framework/Versions/A/Libraries/libGPUSupportMercury.dylib
0x000000005a638000 	/System/Library/Frameworks/OpenGL.framework/Versions/A/Resources/GLRendererFloat.bundle/GLRendererFloat
0x000000005a638000 	/System/Library/Frameworks/OpenCL.framework/Versions/A/Libraries/libcldcpuengine.dylib
0x000000005a638000 	/usr/lib/libcrypto.0.9.8.dylib
0x000000005a638000 	/System/Library/PrivateFrameworks/TrustEvaluationAgent.framework/Versions/A/TrustEvaluationAgent
0x0000000113506000 	/System/Library/Extensions/AppleIntelBDWGraphicsMTLDriver.bundle/Contents/MacOS/AppleIntelBDWGraphicsMTLDriver
0x000000005a638000 	/System/Library/PrivateFrameworks/FamilyControls.framework/Versions/A/FamilyControls
0x000000005a638000 	/System/Library/PrivateFrameworks/CommerceKit.framework/Versions/A/Frameworks/CommerceCore.framework/Versions/A/CommerceCore
0x000000005a638000 	/System/Library/PrivateFrameworks/SystemAdministration.framework/Versions/A/SystemAdministration
0x000000005a638000 	/System/Library/PrivateFrameworks/AppContainer.framework/Versions/A/AppContainer
0x000000005a638000 	/System/Library/PrivateFrameworks/SecCodeWrapper.framework/Versions/A/SecCodeWrapper
0x000000005a638000 	/System/Library/Frameworks/DirectoryService.framework/Versions/A/DirectoryService
0x000000005a638000 	/System/Library/PrivateFrameworks/DiskImages.framework/Versions/A/DiskImages
0x000000005a638000 	/System/Library/PrivateFrameworks/LoginUIKit.framework/Versions/A/Frameworks/LoginUICore.framework/Versions/A/LoginUICore
0x000000005a638000 	/usr/lib/libCoreStorage.dylib
0x000000005a638000 	/usr/lib/libcsfde.dylib
0x000000005a638000 	/usr/lib/libodfde.dylib
0x000000005a638000 	/System/Library/Frameworks/DiscRecording.framework/Versions/A/DiscRecording
0x000000005a638000 	/usr/lib/libcurl.4.dylib
0x000000005a638000 	/System/Library/PrivateFrameworks/MediaKit.framework/Versions/A/MediaKit
0x000000005a638000 	/System/Library/PrivateFrameworks/ProtectedCloudStorage.framework/Versions/A/ProtectedCloudStorage
0x000000005a638000 	/System/Library/PrivateFrameworks/EFILogin.framework/Versions/A/EFILogin
0x000000005a638000 	/usr/lib/libutil.dylib
0x000000005a638000 	/System/Library/Frameworks/LDAP.framework/Versions/A/LDAP
0x000000005a638000 	/usr/lib/libsasl2.2.dylib
0x000000005a638000 	/System/Library/PrivateFrameworks/CoreDaemon.framework/Versions/B/CoreDaemon
0x000000005a638000 	/System/Library/PrivateFrameworks/AppleSRP.framework/Versions/A/AppleSRP
0x000000005a638000 	/System/Library/PrivateFrameworks/APFS.framework/Versions/A/APFS
0x0000000114113000 	/Library/Java/JavaVirtualMachines/jdk1.7.0_71.jdk/Contents/Home/jre/lib/libfontmanager.dylib
0x000000011417a000 	/Library/Java/JavaVirtualMachines/jdk1.7.0_71.jdk/Contents/Home/jre/lib/libosxui.dylib
0x000000005a638000 	/System/Library/PrivateFrameworks/ViewBridge.framework/Versions/A/ViewBridge
0x000000005a638000 	/System/Library/PrivateFrameworks/XPCService.framework/Versions/A/XPCService
0x000000005a638000 	/System/Library/PrivateFrameworks/AppSandbox.framework/Versions/A/AppSandbox
0x000000005a638000 	/usr/lib/libsandbox.1.dylib
0x000000005a638000 	/usr/lib/libMatch.1.dylib

VM Arguments:
jvm_args: -Dfile.encoding=UTF-8 
java_command: Referencias.ArcosModif
Launcher Type: SUN_STANDARD

Environment Variables:
PATH=/usr/bin:/bin:/usr/sbin:/sbin
LD_LIBRARY_PATH=/Library/Java/JavaVirtualMachines/jdk1.7.0_71.jdk/Contents/Home/jre/lib/amd64:/Library/Java/JavaVirtualMachines/jdk1.7.0_71.jdk/Contents/Home/jre/lib/i386:
SHELL=/bin/bash

Signal Handlers:
SIGSEGV: [libjvm.dylib+0x52c49d], sa_mask[0]=0xfffefeff, sa_flags=0x00000043
SIGBUS: [libjvm.dylib+0x52c49d], sa_mask[0]=0xfffefeff, sa_flags=0x00000042
SIGFPE: [libjvm.dylib+0x41e53a], sa_mask[0]=0xfffefeff, sa_flags=0x00000042
SIGPIPE: [libjvm.dylib+0x41e53a], sa_mask[0]=0xfffefeff, sa_flags=0x00000042
SIGXFSZ: [libjvm.dylib+0x41e53a], sa_mask[0]=0xfffefeff, sa_flags=0x00000042
SIGILL: [libjvm.dylib+0x41e53a], sa_mask[0]=0xfffefeff, sa_flags=0x00000042
SIGUSR1: SIG_DFL, sa_mask[0]=0x00000000, sa_flags=0x00000000
SIGUSR2: [libjvm.dylib+0x41e02c], sa_mask[0]=0x00000004, sa_flags=0x00000042
SIGHUP: [libjvm.dylib+0x41c2bd], sa_mask[0]=0xfffefeff, sa_flags=0x00000042
SIGINT: SIG_IGN, sa_mask[0]=0x00000000, sa_flags=0x00000000
SIGTERM: [libjvm.dylib+0x41c2bd], sa_mask[0]=0xfffefeff, sa_flags=0x00000042
SIGQUIT: [libjvm.dylib+0x41c2bd], sa_mask[0]=0xfffefeff, sa_flags=0x00000042


---------------  S Y S T E M  ---------------

OS:Bsduname:Darwin 16.4.0 Darwin Kernel Version 16.4.0: Thu Dec 22 22:53:21 PST 2016; root:xnu-3789.41.3~3/RELEASE_X86_64 x86_64
rlimit: STACK 8192k, CORE 0k, NPROC 709, NOFILE 10240, AS infinity
load average:2.90 2.65 2.33

CPU:total 4 (2 cores per cpu, 2 threads per core) family 6 model 61 stepping 4, cmov, cx8, fxsr, mmx, sse, sse2, sse3, ssse3, sse4.1, sse4.2, popcnt, avx, avx2, aes, erms, ht, tsc, tscinvbit

Memory: 4k page, physical 8388608k(2097152k free)

/proc/meminfo:


vm_info: Java HotSpot(TM) 64-Bit Server VM (24.71-b01) for bsd-amd64 JRE (1.7.0_71-b14), built on Sep 26 2014 16:11:44 by "java_re" with gcc 4.2.1 (Based on Apple Inc. build 5658) (LLVM build 2336.11.00)

time: Wed Jun 28 20:35:26 2017
elapsed time: 506 seconds

